<?xml version="1.0" encoding="UTF-8"?>
<testng-results ignored="0" total="1" passed="1" failed="0" skipped="0">
  <reporter-output>
  </reporter-output>
  <suite started-at="2022-08-24T19:45:56 IST" name="Default suite" finished-at="2022-08-24T19:46:34 IST" duration-ms="38282">
    <groups>
    </groups>
    <test started-at="2022-08-24T19:45:56 IST" name="Default test" finished-at="2022-08-24T19:46:34 IST" duration-ms="38282">
      <class name="DemoWebShop.welcomeTcTest">
        <test-method is-config="true" signature="setUpBrowser(java.lang.String)[pri:0, instance:DemoWebShop.welcomeTcTest@636be97c]" started-at="2022-08-24T19:45:56 IST" name="setUpBrowser" finished-at="2022-08-24T19:46:31 IST" duration-ms="35137" status="PASS">
          <params>
            <param index="0">
              <value>
                <![CDATA[chrome]]>
              </value>
            </param>
          </params>
          <reporter-output>
          </reporter-output>
        </test-method> <!-- setUpBrowser -->
        <test-method signature="TestCases()[pri:0, instance:DemoWebShop.welcomeTcTest@636be97c]" started-at="2022-08-24T19:46:31 IST" name="TestCases" finished-at="2022-08-24T19:46:34 IST" duration-ms="2883" status="PASS">
          <reporter-output>
          </reporter-output>
        </test-method> <!-- TestCases -->
        <test-method is-config="true" signature="browserTearDown()[pri:0, instance:DemoWebShop.welcomeTcTest@636be97c]" started-at="2022-08-24T19:46:34 IST" name="browserTearDown" finished-at="2022-08-24T19:46:34 IST" duration-ms="223" status="PASS">
          <reporter-output>
          </reporter-output>
        </test-method> <!-- browserTearDown -->
      </class> <!-- DemoWebShop.welcomeTcTest -->
    </test> <!-- Default test -->
  </suite> <!-- Default suite -->
</testng-results>
